\BOOKMARK [1][-]{section.1}{1 Client}{}
\BOOKMARK [2][-]{subsection.1.1}{1.1 Module}{section.1}
\BOOKMARK [2][-]{subsection.1.2}{1.2 Programmstart}{section.1}
\BOOKMARK [2][-]{subsection.1.3}{1.3 Strukturen \(intern\)}{section.1}
\BOOKMARK [3][-]{subsubsection.1.3.1}{1.3.1 Benutzerrollen}{subsection.1.3}
\BOOKMARK [3][-]{subsubsection.1.3.2}{1.3.2 Schreib- und Leserecht}{subsection.1.3}
\BOOKMARK [2][-]{subsection.1.4}{1.4 Abl\344ufe }{section.1}
\BOOKMARK [3][-]{subsubsection.1.4.1}{1.4.1 Programmstart}{subsection.1.4}
\BOOKMARK [3][-]{subsubsection.1.4.2}{1.4.2 Command-Thread}{subsection.1.4}
\BOOKMARK [3][-]{subsubsection.1.4.3}{1.4.3 Live-Agent}{subsection.1.4}
\BOOKMARK [3][-]{subsubsection.1.4.4}{1.4.4 GUI}{subsection.1.4}
\BOOKMARK [3][-]{subsubsection.1.4.5}{1.4.5 Listener-Thread}{subsection.1.4}
\BOOKMARK [2][-]{subsection.1.5}{1.5 Tafel-Trigger}{section.1}
\BOOKMARK [1][-]{section.2}{2 Server}{}
\BOOKMARK [2][-]{subsection.2.1}{2.1 Module}{section.2}
\BOOKMARK [2][-]{subsection.2.2}{2.2 Programmstart}{section.2}
\BOOKMARK [2][-]{subsection.2.3}{2.3 Strukturen \(intern\)}{section.2}
\BOOKMARK [3][-]{subsubsection.2.3.1}{2.3.1 Benutzerrollen}{subsection.2.3}
\BOOKMARK [3][-]{subsubsection.2.3.2}{2.3.2 Clientliste}{subsection.2.3}
\BOOKMARK [3][-]{subsubsection.2.3.3}{2.3.3 Tafel}{subsection.2.3}
\BOOKMARK [2][-]{subsection.2.4}{2.4 Abl\344ufe}{section.2}
\BOOKMARK [3][-]{subsubsection.2.4.1}{2.4.1 Programmstart}{subsection.2.4}
\BOOKMARK [3][-]{subsubsection.2.4.2}{2.4.2 Signal System beenden}{subsection.2.4}
\BOOKMARK [3][-]{subsubsection.2.4.3}{2.4.3 Login-Thread}{subsection.2.4}
\BOOKMARK [3][-]{subsubsection.2.4.4}{2.4.4 Client-Thread}{subsection.2.4}
\BOOKMARK [3][-]{subsubsection.2.4.5}{2.4.5 Broadcasting-Agent \(Thread\)}{subsection.2.4}
\BOOKMARK [2][-]{subsection.2.5}{2.5 Logger}{section.2}
\BOOKMARK [2][-]{subsection.2.6}{2.6 Archivierer}{section.2}
\BOOKMARK [1][-]{section.3}{3 Netzwerk}{}
\BOOKMARK [2][-]{subsection.3.1}{3.1 Allgemeine Definitionen}{section.3}
\BOOKMARK [3][-]{subsubsection.3.1.1}{3.1.1 Datentypen}{subsection.3.1}
\BOOKMARK [3][-]{subsubsection.3.1.2}{3.1.2 Serialisierung}{subsection.3.1}
\BOOKMARK [3][-]{subsubsection.3.1.3}{3.1.3 Benutzerrollen}{subsection.3.1}
\BOOKMARK [3][-]{subsubsection.3.1.4}{3.1.4 Schreib- und Leserecht}{subsection.3.1}
\BOOKMARK [3][-]{subsubsection.3.1.5}{3.1.5 Message-Types}{subsection.3.1}
\BOOKMARK [2][-]{subsection.3.2}{3.2 Kommunikationsablauf}{section.3}
\BOOKMARK [3][-]{subsubsection.3.2.1}{3.2.1 Login}{subsection.3.2}
\BOOKMARK [3][-]{subsubsection.3.2.2}{3.2.2 Quit}{subsection.3.2}
\BOOKMARK [3][-]{subsubsection.3.2.3}{3.2.3 Request}{subsection.3.2}
\BOOKMARK [3][-]{subsubsection.3.2.4}{3.2.4 Shutdown}{subsection.3.2}
\BOOKMARK [3][-]{subsubsection.3.2.5}{3.2.5 Release}{subsection.3.2}
\BOOKMARK [3][-]{subsubsection.3.2.6}{3.2.6 Aquire}{subsection.3.2}
\BOOKMARK [3][-]{subsubsection.3.2.7}{3.2.7 Modify}{subsection.3.2}
\BOOKMARK [3][-]{subsubsection.3.2.8}{3.2.8 Clear}{subsection.3.2}
\BOOKMARK [3][-]{subsubsection.3.2.9}{3.2.9 Status}{subsection.3.2}
\BOOKMARK [2][-]{subsection.3.3}{3.3 Datenstrukturen}{section.3}
